<?xml version="1.0" encoding="UTF-8" standalone="yes" ?>
<test-results name="C:\Users\alan1\Exercism\delphi\isogram\Isogram.exe" total="13" errors="0" failures="0" ignored="0" inconclusive="0" not-run="0" skipped="0" invalid="0" date="2021-02-11" time="3.453">
  <culture-info current-culture="en" current-uiculture="en" />
  <test-suite type="Assembly" name="Isogram.exe" executed="true" result="Success" success="True" time="3.453" asserts="0">
    <results>
        <test-suite type="Namespace" name="uIsogramTests" executed="true" result="Success" success="True" time="3.452" asserts="0" >
          <results>
              <test-suite type="Fixture" name="IsogramTests" executed="True" result="Success" success="True" time="3.452" >
                <results>
                  <test-case name="empty_string" executed="True" result="Success" success="True" time="0.000" asserts="0" />
                  <test-case name="isogram_with_only_lower_case_characters" executed="True" result="Success" success="True" time="0.000" asserts="0" />
                  <test-case name="word_with_one_duplicated_character" executed="True" result="Success" success="True" time="0.000" asserts="0" />
                  <test-case name="word_with_one_duplicated_character_from_the_end_of_the_alphabet" executed="True" result="Success" success="True" time="0.000" asserts="0" />
                  <test-case name="longest_reported_english_isogram" executed="True" result="Success" success="True" time="0.000" asserts="0" />
                  <test-case name="word_with_duplicated_character_in_mixed_case" executed="True" result="Success" success="True" time="0.000" asserts="0" />
                  <test-case name="word_with_duplicated_character_in_mixed_case_lowercase_first" executed="True" result="Success" success="True" time="0.000" asserts="0" />
                  <test-case name="hypothetical_isogrammic_word_with_hyphen" executed="True" result="Success" success="True" time="0.000" asserts="0" />
                  <test-case name="hypothetical_word_with_duplicated_character_following_hyphen" executed="True" result="Success" success="True" time="0.000" asserts="0" />
                  <test-case name="isogram_with_duplicated_hyphen" executed="True" result="Success" success="True" time="3.456" asserts="0" />
                  <test-case name="made_up_name_that_is_an_isogram" executed="True" result="Success" success="True" time="0.000" asserts="0" />
                  <test-case name="duplicated_character_in_the_middle" executed="True" result="Success" success="True" time="0.000" asserts="0" />
                  <test-case name="same_first_and_last_characters" executed="True" result="Success" success="True" time="0.000" asserts="0" />
                </results>
              </test-suite>
          </results>
        </test-suite>
    </results>
  </test-suite>
</test-results>
