<?xml version="1.0" encoding="UTF-8" standalone="yes" ?>
<test-results name="C:\Users\alan1\Exercism\delphi\pangram\Pangram.exe" total="10" errors="0" failures="0" ignored="0" inconclusive="0" not-run="0" skipped="0" invalid="0" date="2021-02-15" time="0.002">
  <culture-info current-culture="en" current-uiculture="en" />
  <test-suite type="Assembly" name="Pangram.exe" executed="true" result="Success" success="True" time="0.002" asserts="0">
    <results>
        <test-suite type="Namespace" name="uPangramTests" executed="true" result="Success" success="True" time="0.002" asserts="0" >
          <results>
              <test-suite type="Fixture" name="isPangram" executed="True" result="Success" success="True" time="0.002" >
                <results>
                  <test-case name="empty_sentence" executed="True" result="Success" success="True" time="0.000" asserts="0" />
                  <test-case name="perfect_lower_case" executed="True" result="Success" success="True" time="0.000" asserts="0" />
                  <test-case name="only_lower_case" executed="True" result="Success" success="True" time="0.000" asserts="0" />
                  <test-case name="missing_the_letter_x" executed="True" result="Success" success="True" time="0.000" asserts="0" />
                  <test-case name="missing_the_letter_h" executed="True" result="Success" success="True" time="0.000" asserts="0" />
                  <test-case name="with_underscores" executed="True" result="Success" success="True" time="0.000" asserts="0" />
                  <test-case name="with_numbers" executed="True" result="Success" success="True" time="0.000" asserts="0" />
                  <test-case name="missing_letters_replaced_by_numbers" executed="True" result="Success" success="True" time="0.000" asserts="0" />
                  <test-case name="mixed_case_and_punctuation" executed="True" result="Success" success="True" time="0.000" asserts="0" />
                  <test-case name="case_insensitive" executed="True" result="Success" success="True" time="0.000" asserts="0" />
                </results>
              </test-suite>
          </results>
        </test-suite>
    </results>
  </test-suite>
</test-results>
